<?xml version="1.0" encoding="UTF-8"?>
<testsuites name="jest tests" tests="70" failures="0" errors="0" time="43.984">
  <testsuite name="EventRoute Tests" errors="0" failures="0" skipped="0" timestamp="2024-01-14T14:18:06" time="13.121" tests="11">
    <testcase classname="EventRoute Tests create event route" name="EventRoute Tests create event route" time="1.096">
    </testcase>
    <testcase classname="EventRoute Tests get event route" name="EventRoute Tests get event route" time="0.673">
    </testcase>
    <testcase classname="EventRoute Tests join event route" name="EventRoute Tests join event route" time="0.548">
    </testcase>
    <testcase classname="EventRoute Tests cancel event participation route" name="EventRoute Tests cancel event participation route" time="0.585">
    </testcase>
    <testcase classname="EventRoute Tests get participants of event route" name="EventRoute Tests get participants of event route" time="0.571">
    </testcase>
    <testcase classname="EventRoute Tests get created events route" name="EventRoute Tests get created events route" time="0.578">
    </testcase>
    <testcase classname="EventRoute Tests get joined events route" name="EventRoute Tests get joined events route" time="0.617">
    </testcase>
    <testcase classname="EventRoute Tests get all events route" name="EventRoute Tests get all events route" time="0.573">
    </testcase>
    <testcase classname="EventRoute Tests search events route" name="EventRoute Tests search events route" time="0.662">
    </testcase>
    <testcase classname="EventRoute Tests delete event route" name="EventRoute Tests delete event route" time="0.605">
    </testcase>
    <testcase classname="EventRoute Tests update event route" name="EventRoute Tests update event route" time="0.587">
    </testcase>
  </testsuite>
  <testsuite name="userRoute test" errors="0" failures="0" skipped="0" timestamp="2024-01-14T14:18:19" time="6.664" tests="13">
    <testcase classname="userRoute test getUsers fails on request by non-admin" name="userRoute test getUsers fails on request by non-admin" time="0.759">
    </testcase>
    <testcase classname="userRoute test get User request responses with 404 on invalid userID" name="userRoute test get User request responses with 404 on invalid userID" time="0.316">
    </testcase>
    <testcase classname="userRoute test get User request responses with 400 on undefined userID" name="userRoute test get User request responses with 400 on undefined userID" time="0.302">
    </testcase>
    <testcase classname="userRoute test get User returns any user when performed by an admin and returns user when performed by non-admin" name="userRoute test get User returns any user when performed by an admin and returns user when performed by non-admin" time="0.406">
    </testcase>
    <testcase classname="userRoute test put user successfully updates user in db and returns updated user information" name="userRoute test put user successfully updates user in db and returns updated user information" time="0.372">
    </testcase>
    <testcase classname="userRoute test should return error on updating email to duplicate email" name="userRoute test should return error on updating email to duplicate email" time="0.341">
    </testcase>
    <testcase classname="userRoute test should return error on trying to update other users as non-admin" name="userRoute test should return error on trying to update other users as non-admin" time="0.359">
    </testcase>
    <testcase classname="userRoute test testing for validation errors on put user route" name="userRoute test testing for validation errors on put user route" time="0.298">
    </testcase>
    <testcase classname="userRoute test put user with invalid old password returns error" name="userRoute test put user with invalid old password returns error" time="0.443">
    </testcase>
    <testcase classname="userRoute test should allow an admin to delete any user" name="userRoute test should allow an admin to delete any user" time="0.32">
    </testcase>
    <testcase classname="userRoute test should allow a user to inactivate their own account" name="userRoute test should allow a user to inactivate their own account" time="0.315">
    </testcase>
    <testcase classname="userRoute test should prevent a non-admin user from deleting another user" name="userRoute test should prevent a non-admin user from deleting another user" time="0.294">
    </testcase>
    <testcase classname="userRoute test should return an error for an invalid user ID" name="userRoute test should return an error for an invalid user ID" time="0.348">
    </testcase>
  </testsuite>
  <testsuite name="CommentsRoute Tests" errors="0" failures="0" skipped="0" timestamp="2024-01-14T14:18:26" time="5.291" tests="6">
    <testcase classname="CommentsRoute Tests post comment route" name="CommentsRoute Tests post comment route" time="1.059">
    </testcase>
    <testcase classname="CommentsRoute Tests get all comments route" name="CommentsRoute Tests get all comments route" time="0.554">
    </testcase>
    <testcase classname="CommentsRoute Tests get comments of user route" name="CommentsRoute Tests get comments of user route" time="0.54">
    </testcase>
    <testcase classname="CommentsRoute Tests get comments of event route" name="CommentsRoute Tests get comments of event route" time="0.591">
    </testcase>
    <testcase classname="CommentsRoute Tests edit comment route" name="CommentsRoute Tests edit comment route" time="0.723">
    </testcase>
    <testcase classname="CommentsRoute Tests delete comment route" name="CommentsRoute Tests delete comment route" time="0.597">
    </testcase>
  </testsuite>
  <testsuite name="EventService Tests" errors="0" failures="0" skipped="0" timestamp="2024-01-14T14:18:31" time="4.634" tests="11">
    <testcase classname="EventService Tests create event" name="EventService Tests create event" time="0.251">
    </testcase>
    <testcase classname="EventService Tests get event" name="EventService Tests get event" time="0.203">
    </testcase>
    <testcase classname="EventService Tests get created events" name="EventService Tests get created events" time="0.237">
    </testcase>
    <testcase classname="EventService Tests get all events" name="EventService Tests get all events" time="0.215">
    </testcase>
    <testcase classname="EventService Tests search events" name="EventService Tests search events" time="0.266">
    </testcase>
    <testcase classname="EventService Tests join event" name="EventService Tests join event" time="0.28">
    </testcase>
    <testcase classname="EventService Tests get joined events" name="EventService Tests get joined events" time="0.292">
    </testcase>
    <testcase classname="EventService Tests cancel event" name="EventService Tests cancel event" time="0.335">
    </testcase>
    <testcase classname="EventService Tests get participants of event" name="EventService Tests get participants of event" time="0.382">
    </testcase>
    <testcase classname="EventService Tests delete event" name="EventService Tests delete event" time="0.445">
    </testcase>
    <testcase classname="EventService Tests update event" name="EventService Tests update event" time="0.385">
    </testcase>
  </testsuite>
  <testsuite name="ChatRoute Tests" errors="0" failures="0" skipped="0" timestamp="2024-01-14T14:18:36" time="2.885" tests="2">
    <testcase classname="ChatRoute Tests send chat message" name="ChatRoute Tests send chat message" time="1.036">
    </testcase>
    <testcase classname="ChatRoute Tests get chat" name="ChatRoute Tests get chat" time="0.577">
    </testcase>
  </testsuite>
  <testsuite name="UserService test" errors="0" failures="0" skipped="0" timestamp="2024-01-14T14:18:39" time="2.878" tests="11">
    <testcase classname="UserService test createUser function" name="UserService test createUser function" time="0.189">
    </testcase>
    <testcase classname="UserService test getUser works and returns user without password" name="UserService test getUser works and returns user without password" time="0.173">
    </testcase>
    <testcase classname="UserService test get all users also returns inactive users, getUser(userID) throws error at inactive user." name="UserService test get all users also returns inactive users, getUser(userID) throws error at inactive user." time="0.153">
    </testcase>
    <testcase classname="UserService test updateUserWithAdmin user update validations" name="UserService test updateUserWithAdmin user update validations" time="0.165">
    </testcase>
    <testcase classname="UserService test updateUserWithAdmin duplicate email check" name="UserService test updateUserWithAdmin duplicate email check" time="0.152">
    </testcase>
    <testcase classname="UserService test updateUserWithPw update with old password to update password" name="UserService test updateUserWithPw update with old password to update password" time="0.33">
    </testcase>
    <testcase classname="UserService test updateUserWithPw throws errors on invalid userdata" name="UserService test updateUserWithPw throws errors on invalid userdata" time="0.083">
    </testcase>
    <testcase classname="UserService test updateUserWithPw duplicate email check" name="UserService test updateUserWithPw duplicate email check" time="0.153">
    </testcase>
    <testcase classname="UserService test updateUserWithPw can not change isActive status of user" name="UserService test updateUserWithPw can not change isActive status of user" time="0.088">
    </testcase>
    <testcase classname="UserService test deleteUser deletes user from database (when performed by an admin)" name="UserService test deleteUser deletes user from database (when performed by an admin)" time="0.094">
    </testcase>
    <testcase classname="UserService test deleteUser inactivates acc when inactivateAccount = true" name="UserService test deleteUser inactivates acc when inactivateAccount = true" time="0.097">
    </testcase>
  </testsuite>
  <testsuite name="CommentService Tests" errors="0" failures="0" skipped="0" timestamp="2024-01-14T14:18:42" time="3.022" tests="6">
    <testcase classname="CommentService Tests create comment" name="CommentService Tests create comment" time="0.3">
    </testcase>
    <testcase classname="CommentService Tests get comments of user" name="CommentService Tests get comments of user" time="0.312">
    </testcase>
    <testcase classname="CommentService Tests get comments of event" name="CommentService Tests get comments of event" time="0.352">
    </testcase>
    <testcase classname="CommentService Tests get all comments" name="CommentService Tests get all comments" time="0.356">
    </testcase>
    <testcase classname="CommentService Tests edit comment" name="CommentService Tests edit comment" time="0.244">
    </testcase>
    <testcase classname="CommentService Tests delete one comment" name="CommentService Tests delete one comment" time="0.136">
    </testcase>
  </testsuite>
  <testsuite name="RatingService Tests" errors="0" failures="0" skipped="0" timestamp="2024-01-14T14:18:45" time="2.379" tests="4">
    <testcase classname="RatingService Tests rate a comment" name="RatingService Tests rate a comment" time="0.303">
    </testcase>
    <testcase classname="RatingService Tests get ratings of comment" name="RatingService Tests get ratings of comment" time="0.286">
    </testcase>
    <testcase classname="RatingService Tests update rating" name="RatingService Tests update rating" time="0.324">
    </testcase>
    <testcase classname="RatingService Tests delete rating" name="RatingService Tests delete rating" time="0.212">
    </testcase>
  </testsuite>
  <testsuite name="userModel test" errors="0" failures="0" skipped="0" timestamp="2024-01-14T14:18:47" time="1.573" tests="3">
    <testcase classname="userModel test create User" name="userModel test create User" time="0.181">
    </testcase>
    <testcase classname="userModel test updated user password middleware" name="userModel test updated user password middleware" time="0.212">
    </testcase>
    <testcase classname="userModel test rejects on duplicate email" name="userModel test rejects on duplicate email" time="0.158">
    </testcase>
  </testsuite>
  <testsuite name="Event Model Tests" errors="0" failures="0" skipped="0" timestamp="2024-01-14T14:18:49" time="1.188" tests="3">
    <testcase classname="Event Model Tests create event" name="Event Model Tests create event" time="0.065">
    </testcase>
    <testcase classname="Event Model Tests empty eventdata" name="Event Model Tests empty eventdata" time="0.016">
    </testcase>
    <testcase classname="Event Model Tests negative price" name="Event Model Tests negative price" time="0.019">
    </testcase>
  </testsuite>
</testsuites>